[debug] > Exec(early(addDefaultCommands), None, None)
[debug] > Exec(addDefaultCommands, None, None)
[debug] > Exec(early(initialize), None, None)
[debug] > Exec(initialize, None, None)
[debug] > Exec(boot, None, None)
[debug] > Exec(writeSbtVersion, None, None)
[debug] > Exec(reload, None, None)
[debug] > Exec(sbtStashOnFailure, None, None)
[debug] > Exec(onFailure loadFailed, None, None)
[debug] > Exec(loadp, None, None)
[info] welcome to sbt 1.9.8 (GraalVM Community Java 17.0.8)
[debug] Load.defaultLoad until apply took 53.456663ms
[debug]           Load.loadUnit: plugins took 42.044183ms
[debug]           Load.loadUnit: defsScala took 0.140829ms
[debug] [Loading] Scanning directory /opt/gatling/user-files/project
[debug]             Load.loadUnit: mkEval took 6.819496ms
[debug] [Loading] Found non-root projects 
[debug] [Loading] Done in /opt/gatling/user-files/project, returning: ()
[debug] deducing auto plugins based on known facts Set(Atom(sbt.plugins.CorePlugin)) and clauses Clauses(Clause(Atom(sbt.plugins.JvmPlugin),Set(Atom(sbt.plugins.IvyPlugin)))
[debug] Clause(Atom(sbt.ScriptedPlugin),Set(Atom(sbt.plugins.JvmPlugin)))
[debug] Clause(Atom(sbt.plugins.SbtPlugin),Set(Atom(sbt.ScriptedPlugin)))
[debug] Clause(Atom(sbt.plugins.SemanticdbPlugin),Set(Atom(sbt.plugins.JvmPlugin)))
[debug] Clause(Atom(sbt.plugins.JUnitXmlReportPlugin),Set(Atom(sbt.plugins.JvmPlugin)))
[debug] Clause(Atom(sbt.plugins.MiniDependencyTreePlugin),Set(Atom(sbt.plugins.JvmPlugin)))
[debug] Clause(Atom(sbt.plugins.CorePlugin),Set(Atom(sbt.plugins.IvyPlugin)))
[debug] Clause(Atom(sbt.plugins.IvyPlugin),Set(Atom(sbt.plugins.JvmPlugin)))
[debug] Clause(Atom(sbt.plugins.JvmPlugin),Set(Atom(sbt.plugins.SemanticdbPlugin)))
[debug] Clause(Atom(sbt.plugins.JvmPlugin),Set(Atom(sbt.plugins.JUnitXmlReportPlugin)))
[debug] Clause(Atom(sbt.plugins.CorePlugin),Set(Atom(sbt.plugins.Giter8TemplatePlugin)))
[debug] Clause(Atom(sbt.plugins.JvmPlugin),Set(Atom(sbt.plugins.MiniDependencyTreePlugin))))
[debug]   :: deduced result: Matched(sbt.plugins.CorePlugin,sbt.plugins.Giter8TemplatePlugin,sbt.plugins.IvyPlugin,sbt.plugins.JvmPlugin,sbt.plugins.MiniDependencyTreePlugin,sbt.plugins.JUnitXmlReportPlugin,sbt.plugins.SemanticdbPlugin)
[debug] Plugins.deducer#function took 12.860675 ms
[info] loading settings for project user-files-build from plugins.sbt ...
[debug]               Load.resolveProject(user-files-build) took 24.529362ms
[debug]             Load.loadTransitive: finalizeProject(Project(id user-files-build, base: /opt/gatling/user-files/project, plugins: List(<none>))) took 48.180353ms
[debug] [Loading] Done in /opt/gatling/user-files/project, returning: (user-files-build)
[debug]           Load.loadUnit: loadedProjectsRaw took 388.610428ms
[debug]           Load.loadUnit: cleanEvalClasses took 45.41344ms
[debug]         Load.loadUnit(file:/opt/gatling/user-files/project/, ...) took 480.83009ms
[debug]       Load.apply: load took 562.740645ms
[debug]       Load.apply: resolveProjects took 3.09351ms
[debug]       Load.apply: finalTransforms took 34.538145ms
[debug]       Load.apply: config.delegates took 4.12005ms
[debug]       Load.apply: Def.make(settings)... took 222.686081ms
[debug]       Load.apply: structureIndex took 99.344396ms
[debug]       Load.apply: mkStreams took 0.806512ms
[info] loading project definition from /opt/gatling/user-files/project
[debug] Running task... Cancel: Signal, check cycles: false, forcegc: true
[debug]     Load.loadUnit: plugins took 1692.577043ms
[debug]     Load.loadUnit: defsScala took 0.00574ms
[debug] [Loading] Scanning directory /opt/gatling/user-files
[debug]       Load.loadUnit: mkEval took 2.247987ms
[debug] [Loading] Found non-root projects 
[debug] [Loading] Done in /opt/gatling/user-files, returning: ()
[debug] deducing auto plugins based on known facts Set(Atom(io.gatling.sbt.GatlingPlugin), Atom(sbt.plugins.CorePlugin)) and clauses Clauses(Clause(Atom(sbt.plugins.JvmPlugin),Set(Atom(sbt.plugins.IvyPlugin)))
[debug] Clause(Atom(sbt.ScriptedPlugin),Set(Atom(sbt.plugins.JvmPlugin)))
[debug] Clause(Atom(sbt.plugins.SbtPlugin),Set(Atom(sbt.ScriptedPlugin)))
[debug] Clause(Atom(sbt.plugins.SemanticdbPlugin),Set(Atom(sbt.plugins.JvmPlugin)))
[debug] Clause(Atom(sbt.plugins.JUnitXmlReportPlugin),Set(Atom(sbt.plugins.JvmPlugin)))
[debug] Clause(Atom(sbt.plugins.MiniDependencyTreePlugin),Set(Atom(sbt.plugins.JvmPlugin)))
[debug] Clause(Atom(io.gatling.sbt.GatlingPlugin),Set(Atom(sbt.plugins.JvmPlugin)))
[debug] Clause(Atom(sbt.plugins.CorePlugin),Set(Atom(sbt.plugins.IvyPlugin)))
[debug] Clause(Atom(sbt.plugins.IvyPlugin),Set(Atom(sbt.plugins.JvmPlugin)))
[debug] Clause(Atom(sbt.plugins.JvmPlugin),Set(Atom(sbt.plugins.SemanticdbPlugin)))
[debug] Clause(Atom(sbt.plugins.JvmPlugin),Set(Atom(sbt.plugins.JUnitXmlReportPlugin)))
[debug] Clause(Atom(sbt.plugins.CorePlugin),Set(Atom(sbt.plugins.Giter8TemplatePlugin)))
[debug] Clause(Atom(sbt.plugins.JvmPlugin),Set(Atom(sbt.plugins.MiniDependencyTreePlugin))))
[debug]   :: deduced result: Matched(sbt.plugins.CorePlugin,io.gatling.sbt.GatlingPlugin,sbt.plugins.Giter8TemplatePlugin,sbt.plugins.IvyPlugin,sbt.plugins.JvmPlugin,sbt.plugins.MiniDependencyTreePlugin,sbt.plugins.JUnitXmlReportPlugin,sbt.plugins.SemanticdbPlugin)
[debug] Plugins.deducer#function took 3.94743 ms
[info] loading settings for project user-files from build.sbt ...
[debug]         Load.resolveProject(user-files) took 19.375531ms
[debug]       Load.loadTransitive: finalizeProject(Project(id user-files, base: /opt/gatling/user-files, plugins: List(<none>))) took 24.520339ms
[debug] [Loading] Done in /opt/gatling/user-files, returning: (user-files)
[debug]     Load.loadUnit: loadedProjectsRaw took 206.001224ms
[debug]     Load.loadUnit: cleanEvalClasses took 130.295072ms
[debug]   Load.loadUnit(file:/opt/gatling/user-files/, ...) took 2030.604202ms
[debug] Load.apply: load took 2043.19102ms
[debug] Load.apply: resolveProjects took 1.245403ms
[debug] Load.apply: finalTransforms took 10.140482ms
[debug] Load.apply: config.delegates took 0.889201ms
[debug] Load.apply: Def.make(settings)... took 67.773433ms
[debug] Load.apply: structureIndex took 28.027097ms
[debug] Load.apply: mkStreams took 0.00419ms
[info] set current project to user-files (in build file:/opt/gatling/user-files/)
[debug] > Exec(sbtPopOnFailure, None, None)
[debug] > Exec(resumeFromFailure, None, None)
[debug] > Exec(notifyUsersAboutShell, None, None)
[debug] > Exec(iflast shell, None, None)
[debug] > Exec(Gatling/test, None, None)
[debug] Evaluating tasks: Gatling / test
[debug] Running task... Cancel: Signal, check cycles: false, forcegc: true
[info] compiling 1 Scala source to /opt/gatling/user-files/target/scala-2.13/test-classes ...
[info] done compiling
